BH: m=2, l=8, b=0.90
Indexing Time: 0.136131 Seconds
Estimated Memory: 22.819866 MB
cand=5000
1	3.747034	0.880890	4.000000	0.000800	6.486855
5	3.129218	0.881420	5.600000	0.005596	6.492043
10	2.940425	0.888440	5.900000	0.011779	6.498533
20	2.761881	0.880090	6.100000	0.024308	6.511498
50	2.508558	0.896650	6.400000	0.063379	6.550417
100	2.291728	0.932410	6.790000	0.133163	6.615294

cand=10000
1	2.980673	1.687360	10.000000	0.001000	12.973710
5	2.398048	1.690330	11.800000	0.005898	12.978885
10	2.305398	1.737990	12.700000	0.012689	12.985364
20	2.191493	1.745630	12.250000	0.024454	12.998340
50	2.044228	1.715880	13.560000	0.067469	13.037271
100	1.915156	1.790680	13.970000	0.138331	13.102160

cand=20000
1	2.171075	3.603070	22.000000	0.001100	25.947420
5	1.802547	3.580220	23.799999	0.005949	25.952618
10	1.754621	3.573990	24.600000	0.012294	25.959074
20	1.724095	3.640540	23.549999	0.023528	25.972073
50	1.655872	3.710960	25.500000	0.063594	26.010984
100	1.589796	3.766370	25.809999	0.128414	26.075850

cand=30000
1	1.598083	5.499800	40.000000	0.001337	38.830040
5	1.481364	5.492850	39.000000	0.006521	38.835148
10	1.479282	5.469170	38.599998	0.012919	38.841644
20	1.456968	5.433899	37.549999	0.025118	38.854465
50	1.431209	5.390980	39.040001	0.065197	38.892963
100	1.394334	5.546520	38.779999	0.129337	38.957226

cand=40000
1	1.380616	7.234740	52.000000	0.001310	51.545425
5	1.274936	7.054550	54.799999	0.006908	51.550259
10	1.278298	7.081760	54.400002	0.013721	51.556606
20	1.271762	7.029830	52.700001	0.026570	51.569176
50	1.256177	7.067359	53.959999	0.067944	51.606754
100	1.238320	7.182380	53.599998	0.134879	51.669277

cand=50000
1	1.190414	8.795640	63.000000	0.001283	63.797440
5	1.162033	8.750350	67.199997	0.006854	63.801968
10	1.167507	8.751451	66.699997	0.013602	63.808159
20	1.162409	8.571670	66.199997	0.027005	63.819775
50	1.156974	8.630680	66.839996	0.068128	63.855839
100	1.148289	8.699560	66.400002	0.135319	63.915253

cand=60000
1	1.122404	10.306610	78.000000	0.001352	75.119095
5	1.076189	10.282361	81.599998	0.007072	75.122681
10	1.081374	10.079129	80.500000	0.013962	75.129173
20	1.083507	9.907440	79.650002	0.027636	75.139084
50	1.083671	10.098680	79.919998	0.069309	75.171234
100	1.079851	9.946939	79.599998	0.138066	75.223366

