Random_Scan: 
Indexing Time: 0.001864 Seconds
Estimated Memory: 0.294056 MB
cand=5000
1	3.824403	0.531820	7.000000	0.001400	6.486855
5	3.022614	0.470970	4.600000	0.004596	6.492043
10	2.863810	0.473610	5.100000	0.010182	6.498533
20	2.715351	0.472960	5.800000	0.023112	6.511498
50	2.478733	0.493940	6.000000	0.059418	6.550417
100	2.270908	0.514250	6.090000	0.119435	6.615294

cand=10000
1	2.928318	1.091610	9.000000	0.000900	12.973710
5	2.312728	1.018070	10.400000	0.005198	12.978885
10	2.221304	1.030650	11.000000	0.010990	12.985364
20	2.133164	1.080970	11.900000	0.023755	12.998340
50	2.009653	1.050240	12.040000	0.059906	13.037271
100	1.890623	1.075190	12.140000	0.120210	13.102160

cand=20000
1	1.903828	2.660420	21.000000	0.001050	25.947420
5	1.676506	2.761230	23.200001	0.005799	25.952618
10	1.658881	2.735350	25.100000	0.012544	25.959074
20	1.636889	2.767340	25.150000	0.025126	25.972073
50	1.585438	2.792340	24.780001	0.061799	26.010984
100	1.533759	2.829600	25.320000	0.125976	26.075850

cand=30000
1	1.483500	4.356600	42.000000	0.001400	38.921131
5	1.399768	4.314730	38.200001	0.006366	38.926273
10	1.410609	4.301490	38.299999	0.012763	38.932812
20	1.407247	4.337670	38.200001	0.025451	38.945786
50	1.382750	4.442240	37.540001	0.062465	38.984634
100	1.351365	4.488870	38.439999	0.127712	39.049557

cand=40000
1	1.395800	5.834549	54.000000	0.001350	51.894840
5	1.264359	5.900360	53.000000	0.006624	51.899952
10	1.268558	5.911960	52.000000	0.012997	51.906441
20	1.264088	5.981830	51.299999	0.025638	51.919437
50	1.250224	6.000490	51.160000	0.063872	51.958447
100	1.232061	5.921151	51.779999	0.129130	52.023258

cand=60000
1	1.162772	8.585140	79.000000	0.001317	77.842262
5	1.098570	8.694720	78.199997	0.006516	77.847298
10	1.097947	8.704830	77.699997	0.012948	77.853973
20	1.096822	8.588810	77.550003	0.025842	77.866798
50	1.090827	8.604560	77.459999	0.064497	77.905769
100	1.083833	8.760430	78.070000	0.129902	77.970695

cand=75000
1	1.000000	10.634339	100.000000	0.001333	97.302742
5	1.003161	10.623321	98.400002	0.006560	97.307953
10	1.005191	10.383289	97.699997	0.013025	97.314445
20	1.006891	10.287140	97.150002	0.025900	97.327461
50	1.008273	10.315029	97.059998	0.064664	97.366287
100	1.007647	10.386021	97.290001	0.129549	97.431244

cand=78000
1	1.000000	10.572460	100.000000	0.001297	100.000000
5	1.000000	10.698169	100.000000	0.006487	100.000000
10	1.000000	10.792800	100.000000	0.012974	100.000000
20	1.000000	10.829260	100.000000	0.025947	100.000000
50	1.000000	10.861020	100.000000	0.064868	100.000000
100	1.000000	10.961610	100.000000	0.129737	100.000000

