NH: m=8
Indexing Time: 1.193731 Seconds
Estimated Memory: 4.745087 MB
l=2, cand=1000
1	5.038221	0.223790	7.000000	0.007000	1.297371
5	4.168882	0.230920	4.800000	0.023904	1.302559
10	3.990470	0.249330	3.900000	0.038652	1.309046
20	3.751568	0.261140	3.800000	0.074583	1.322021
50	3.341658	0.259460	3.740000	0.178265	1.360941
100	2.977957	0.282810	3.930000	0.357598	1.425811

l=2, cand=2000
1	3.829762	0.422730	8.000000	0.004000	2.594741
5	3.274655	0.413820	7.800000	0.019461	2.599930
10	3.184759	0.411020	6.800000	0.033848	2.606415
20	3.055683	0.409310	6.750000	0.066865	2.619388
50	2.807773	0.440630	6.820000	0.166423	2.658311
100	2.566717	0.483680	6.580000	0.313483	2.723178

l=2, cand=5000
1	2.936939	0.902590	9.000000	0.001800	6.486855
5	2.545171	0.904820	12.800000	0.012790	6.492043
10	2.467390	0.905670	12.100000	0.024157	6.498533
20	2.369742	0.897910	12.400000	0.049412	6.511498
50	2.221682	0.918120	12.580000	0.124579	6.550417
100	2.087271	0.941740	12.510000	0.245342	6.615294

l=2, cand=10000
1	2.353440	1.749390	18.000000	0.001800	12.973710
5	2.036660	1.763740	20.400000	0.010196	12.978885
10	1.992787	1.767710	21.200001	0.021181	12.985364
20	1.930850	1.784160	20.900000	0.041721	12.998340
50	1.838777	1.793990	21.040001	0.104687	13.037271
100	1.755326	1.837620	20.690001	0.204872	13.102160

l=2, cand=20000
1	1.894910	3.535390	37.000000	0.001850	25.947420
5	1.638587	3.603180	32.599998	0.008148	25.952618
10	1.617306	3.550990	33.900002	0.016942	25.959074
20	1.580752	3.526640	34.200001	0.034168	25.972073
50	1.524759	3.532010	34.860001	0.086937	26.010984
100	1.474402	3.551150	34.860001	0.173441	26.075850

l=2, cand=40000
1	1.501337	6.904710	55.000000	0.001375	51.894840
5	1.328656	6.827450	52.200001	0.006524	51.899952
10	1.314176	6.743650	55.200001	0.013797	51.906441
20	1.294243	6.735960	55.049999	0.027512	51.919437
50	1.270962	6.746090	55.000000	0.068666	51.958447
100	1.247242	6.728610	55.139999	0.137510	52.023258

l=2, cand=60000
1	1.211218	9.911950	70.000000	0.001167	77.842262
5	1.144120	9.904170	71.599998	0.005966	77.847298
10	1.142808	9.853900	73.599998	0.012265	77.853973
20	1.137464	9.902220	73.050003	0.024342	77.866798
50	1.123932	9.931540	73.699997	0.061367	77.905769
100	1.111784	9.927979	74.660004	0.124228	77.970695

l=4, cand=1000
1	5.643332	0.595550	3.000000	0.003000	1.297371
5	4.610386	0.580260	4.000000	0.019920	1.302559
10	4.328549	0.582120	3.500000	0.034688	1.309046
20	4.008782	0.593800	3.750000	0.073602	1.322021
50	3.496576	0.587900	3.560000	0.169685	1.360941
100	3.070426	0.611760	3.330000	0.303003	1.425811

l=4, cand=2000
1	4.388386	0.777150	4.000000	0.002000	2.594741
5	3.670841	0.771480	7.200000	0.017964	2.599930
10	3.523344	0.781330	6.600000	0.032852	2.606415
20	3.306956	0.779390	6.800000	0.067360	2.619388
50	2.959733	0.805240	6.360000	0.155198	2.658311
100	2.662135	0.818590	6.080000	0.289662	2.723178

l=4, cand=5000
1	2.894891	1.331680	14.000000	0.002800	6.486855
5	2.556533	1.335240	13.200000	0.013189	6.492043
10	2.525821	1.334330	13.400000	0.026752	6.498533
20	2.451908	1.326940	13.450000	0.053596	6.511498
50	2.300248	1.356120	12.540000	0.124183	6.550417
100	2.142787	1.389870	12.230000	0.239851	6.615294

l=4, cand=10000
1	2.263755	2.162130	23.000000	0.002300	12.973710
5	1.995983	2.165060	21.600000	0.010796	12.978885
10	2.002415	2.168640	21.600000	0.021581	12.985364
20	1.965765	2.191770	21.200001	0.042320	12.998340
50	1.884221	2.189040	20.280001	0.100906	13.037271
100	1.798118	2.221650	20.160000	0.199624	13.102160

l=4, cand=20000
1	1.952688	3.940510	38.000000	0.001900	25.947420
5	1.629423	3.981400	34.400002	0.008598	25.952618
10	1.595452	3.934830	35.700001	0.017842	25.959074
20	1.574208	3.957910	35.049999	0.035017	25.972073
50	1.534082	3.931340	34.700001	0.086538	26.010984
100	1.489345	3.936510	34.619999	0.172247	26.075850

l=4, cand=40000
1	1.464660	7.235870	68.000000	0.001700	51.894840
5	1.272163	7.175390	59.400002	0.007424	51.899952
10	1.264469	7.137510	58.299999	0.014572	51.906441
20	1.258577	7.125450	57.750000	0.028861	51.919437
50	1.247517	7.104280	57.000000	0.071163	51.958447
100	1.231777	7.177721	56.930000	0.141974	52.023258

l=4, cand=60000
1	1.282322	10.368320	81.000000	0.001350	77.842262
5	1.126512	10.328619	77.400002	0.006450	77.847298
10	1.117999	10.349149	76.800003	0.012798	77.853973
20	1.116406	10.364401	75.900002	0.025292	77.866798
50	1.112838	10.330740	75.279999	0.062682	77.905769
100	1.106016	10.360270	75.529999	0.125676	77.970695

l=6, cand=1000
1	5.290790	1.034020	6.000000	0.006000	1.297371
5	4.409488	1.000590	4.800000	0.023904	1.302559
10	4.155384	0.982200	4.500000	0.044599	1.309046
20	3.893027	1.013040	3.900000	0.076546	1.322021
50	3.419642	1.021890	3.740000	0.178265	1.360941
100	3.019809	1.057190	3.750000	0.341219	1.425811

l=6, cand=2000
1	4.181967	1.231390	10.000000	0.005000	2.594741
5	3.598139	1.240830	8.000000	0.019960	2.599930
10	3.472305	1.252640	7.400000	0.036834	2.606415
20	3.275894	1.302940	6.750000	0.066865	2.619388
50	2.952194	1.252560	6.480000	0.158126	2.658311
100	2.652402	1.280510	6.330000	0.301572	2.723178

l=6, cand=5000
1	3.177311	1.765690	17.000000	0.003400	6.486855
5	2.810549	1.783960	13.800000	0.013789	6.492043
10	2.719553	1.781540	13.800000	0.027550	6.498533
20	2.591880	1.786150	13.050000	0.052002	6.511498
50	2.381729	1.799600	12.460000	0.123391	6.550417
100	2.199667	1.830300	12.200000	0.239263	6.615294

l=6, cand=10000
1	2.657875	2.643760	24.000000	0.002400	12.973710
5	2.214211	2.628310	19.200001	0.009596	12.978885
10	2.156547	2.647850	20.299999	0.020282	12.985364
20	2.092236	2.635740	20.450001	0.040822	12.998340
50	1.974399	2.653420	20.580000	0.102398	13.037271
100	1.860862	2.689400	19.990000	0.197940	13.102160

l=6, cand=20000
1	2.072010	4.294560	34.000000	0.001700	25.947420
5	1.747328	4.246430	29.400000	0.007349	25.952618
10	1.710820	4.292280	31.299999	0.015643	25.959074
20	1.670691	4.263121	32.450001	0.032419	25.972073
50	1.611844	4.244070	32.520000	0.081101	26.010984
100	1.550224	4.264170	32.090000	0.159660	26.075850

l=6, cand=40000
1	1.469528	7.472990	59.000000	0.001475	51.894840
5	1.322877	7.427500	54.599998	0.006824	51.899952
10	1.298344	7.440460	55.700001	0.013922	51.906441
20	1.287464	7.431119	55.799999	0.027887	51.919437
50	1.274078	7.383480	55.639999	0.069465	51.958447
100	1.257897	7.416231	54.310001	0.135440	52.023258

l=6, cand=60000
1	1.193036	10.585840	77.000000	0.001283	77.842262
5	1.147211	10.552430	75.199997	0.006266	77.847298
10	1.131341	10.582780	75.000000	0.012498	77.853973
20	1.122277	10.557731	75.349998	0.025109	77.866798
50	1.112007	10.532310	75.599998	0.062949	77.905769
100	1.104128	10.581830	75.519997	0.125659	77.970695

