FH_Sampling: m=8, s=1
Indexing Time: 0.372070 Seconds
Estimated Memory: 4.745102 MB
l=2, cand=1000
1	4.352549	0.198220	8.000000	0.008000	1.297371
5	3.513732	0.217210	7.600000	0.037849	1.302559
10	3.443136	0.239150	7.700000	0.076313	1.309046
20	3.256049	0.224340	8.150000	0.159961	1.322021
50	3.048670	0.269320	6.580000	0.313632	1.360941
100	2.849854	0.264440	6.360000	0.578708	1.425811

l=2, cand=2000
1	3.410411	0.376630	13.000000	0.006500	2.594741
5	2.924908	0.381030	9.600000	0.023952	2.599930
10	2.884543	0.381590	10.900000	0.054256	2.606415
20	2.818226	0.387590	11.250000	0.111441	2.619388
50	2.555579	0.398520	11.540000	0.281601	2.658311
100	2.373512	0.425570	10.950000	0.521677	2.723178

l=2, cand=5000
1	2.322703	0.860440	23.000000	0.004600	6.486855
5	2.392502	0.837030	18.400000	0.018385	6.492043
10	2.227506	0.844210	19.500000	0.038930	6.498533
20	2.123459	0.856860	21.950001	0.087468	6.511498
50	2.001586	0.871140	20.600000	0.204001	6.550417
100	1.855242	0.898680	21.639999	0.424397	6.615294

l=2, cand=10000
1	2.131639	1.662830	34.000000	0.003400	12.973710
5	1.749849	1.694250	33.599998	0.016793	12.978885
10	1.786782	1.692250	32.000000	0.031971	12.985364
20	1.688876	1.681390	32.849998	0.065575	12.998340
50	1.655495	1.710460	33.900002	0.168674	13.037271
100	1.598513	1.762280	31.160000	0.308545	13.102160

l=2, cand=20000
1	1.700853	3.523550	49.000000	0.002450	25.947420
5	1.549279	3.543090	44.200001	0.011048	25.952618
10	1.452410	3.447150	45.700001	0.022840	25.959074
20	1.377279	3.516400	52.250000	0.052200	25.972073
50	1.493788	3.525870	43.520000	0.108534	26.010984
100	1.367918	3.470130	47.939999	0.238519	26.075850

l=2, cand=40000
1	1.320323	6.896450	76.000000	0.001900	51.894840
5	1.195518	6.761480	68.000000	0.008499	51.899952
10	1.220572	6.935050	65.000000	0.016246	51.906441
20	1.203094	6.691980	68.050003	0.034009	51.919437
50	1.214972	6.709000	63.639999	0.079453	51.958447
100	1.194926	6.691850	64.919998	0.161899	52.023258

l=2, cand=60000
1	1.169334	9.880489	87.000000	0.001450	77.842262
5	1.103108	9.923520	83.400002	0.006950	77.847298
10	1.098346	9.871850	80.699997	0.013448	77.853973
20	1.101158	9.853299	82.099998	0.027358	77.866798
50	1.082435	9.901900	83.160004	0.069243	77.905769
100	1.085536	9.911810	81.519997	0.135643	77.970695

l=4, cand=1000
1	4.750197	0.572130	7.000000	0.007000	1.297371
5	3.943037	0.573620	6.400000	0.031873	1.302559
10	3.878975	0.564100	6.100000	0.060456	1.309046
20	3.687339	0.547520	6.250000	0.122669	1.322021
50	3.045172	0.580860	5.840000	0.278360	1.360941
100	2.844528	0.583960	5.980000	0.544131	1.425811

l=4, cand=2000
1	3.715615	0.767820	14.000000	0.007000	2.594741
5	3.057508	0.773660	11.200000	0.027944	2.599930
10	2.950186	0.750500	11.200000	0.055749	2.606415
20	2.867548	0.758700	10.250000	0.101535	2.619388
50	2.780924	0.799270	9.120000	0.222548	2.658311
100	2.437077	0.798320	8.680000	0.413530	2.723178

l=4, cand=5000
1	2.762589	1.272960	23.000000	0.004600	6.486855
5	2.340871	1.303270	16.200001	0.016187	6.492043
10	2.316216	1.323850	18.700001	0.037333	6.498533
20	2.101089	1.300460	18.600000	0.074118	6.511498
50	2.172908	1.313430	16.900000	0.167360	6.550417
100	1.958241	1.347780	19.379999	0.380075	6.615294

l=4, cand=10000
1	2.341386	2.152990	28.000000	0.002800	12.973710
5	1.861915	2.128800	25.799999	0.012895	12.978885
10	1.704251	2.151920	30.600000	0.030572	12.985364
20	1.692175	2.155130	31.600000	0.063080	12.998340
50	1.769490	2.209970	26.059999	0.129665	13.037271
100	1.703793	2.199440	24.920000	0.246757	13.102160

l=4, cand=20000
1	1.733948	3.941490	48.000000	0.002400	25.947420
5	1.577417	3.943530	42.000000	0.010498	25.952618
10	1.608263	3.902480	37.299999	0.018642	25.959074
20	1.417718	3.890190	44.400002	0.044358	25.972073
50	1.442234	3.936490	44.160000	0.110130	26.010984
100	1.463822	3.926980	38.270000	0.190407	26.075850

l=4, cand=40000
1	1.449766	7.331420	63.000000	0.001575	51.894840
5	1.236494	7.227779	64.599998	0.008074	51.899952
10	1.206535	7.172530	66.800003	0.016696	51.906441
20	1.288193	7.229090	61.000000	0.030486	51.919437
50	1.264780	7.251430	58.900002	0.073535	51.958447
100	1.177689	7.230450	64.510002	0.160877	52.023258

l=4, cand=60000
1	1.190525	10.498100	80.000000	0.001333	77.842262
5	1.083435	10.429339	84.199997	0.007016	77.847298
10	1.163233	10.374371	75.599998	0.012598	77.853973
20	1.089238	10.408960	80.949997	0.026975	77.866798
50	1.086215	10.454320	81.720001	0.068044	77.905769
100	1.086590	10.724850	80.089996	0.133263	77.970695

l=6, cand=1000
1	5.168564	0.981290	5.000000	0.005000	1.297371
5	4.138229	0.960070	7.600000	0.037849	1.302559
10	4.055277	0.960180	6.000000	0.059465	1.309046
20	3.588882	0.961310	5.100000	0.100098	1.322021
50	3.350020	0.959680	5.040000	0.240229	1.360941
100	2.871834	1.002630	5.920000	0.538672	1.425811

l=6, cand=2000
1	4.192169	1.193280	9.000000	0.004500	2.594741
5	3.435269	1.239110	7.000000	0.017465	2.599930
10	3.372718	1.198120	8.700000	0.043305	2.606415
20	2.949329	1.204250	7.700000	0.076275	2.619388
50	2.857519	1.219260	8.340000	0.203514	2.658311
100	2.543074	1.263140	9.080000	0.432587	2.723178

l=6, cand=5000
1	2.800145	1.766820	23.000000	0.004600	6.486855
5	2.576645	1.761420	14.200000	0.014189	6.492043
10	2.604267	1.751640	13.100000	0.026153	6.498533
20	2.317489	1.806830	14.050000	0.055987	6.511498
50	2.264092	1.784080	14.240000	0.141018	6.550417
100	1.947840	1.822730	17.040001	0.334183	6.615294

l=6, cand=10000
1	2.197706	2.655900	29.000000	0.002900	12.973710
5	2.036660	2.658850	25.000000	0.012495	12.978885
10	2.056629	2.639800	22.200001	0.022180	12.985364
20	1.937012	2.658020	23.750000	0.047410	12.998340
50	1.842860	2.659470	21.379999	0.106379	13.037271
100	1.775107	2.703200	22.910000	0.226854	13.102160

l=6, cand=20000
1	1.712679	4.405910	41.000000	0.002050	25.947420
5	1.632881	4.387990	37.400002	0.009348	25.952618
10	1.613454	4.336450	36.200001	0.018092	25.959074
20	1.567237	4.307240	35.349998	0.035316	25.972073
50	1.565878	4.308210	38.680000	0.096464	26.010984
100	1.527999	4.301490	34.529999	0.171800	26.075850

l=6, cand=40000
1	1.459449	7.719100	67.000000	0.001675	51.894840
5	1.262412	7.641810	62.000000	0.007749	51.899952
10	1.243125	7.595940	59.900002	0.014972	51.906441
20	1.217483	7.549230	61.799999	0.030885	51.919437
50	1.249396	7.580091	58.980000	0.073635	51.958447
100	1.201378	7.539930	61.820000	0.154168	52.023258

l=6, cand=60000
1	1.265519	10.729461	73.000000	0.001217	77.842262
5	1.128257	10.801491	76.800003	0.006400	77.847298
10	1.124672	10.775451	76.199997	0.012698	77.853973
20	1.105982	10.785641	79.750000	0.026575	77.866798
50	1.095801	10.900649	77.800003	0.064780	77.905769
100	1.096082	10.751760	78.120003	0.129986	77.970695

