FH: m=8
Indexing Time: 1.195618 Seconds
Estimated Memory: 4.745094 MB
l=2, cand=1000
1	4.749455	0.256960	6.000000	0.006000	1.297371
5	3.832642	0.284400	6.000000	0.029880	1.302559
10	3.608775	0.260160	6.100000	0.060456	1.309046
20	3.363971	0.256560	6.300000	0.123651	1.322021
50	3.007301	0.296150	5.940000	0.283127	1.360941
100	2.726089	0.303470	5.990000	0.545041	1.425811

l=2, cand=2000
1	3.789002	0.449710	10.000000	0.005000	2.594741
5	3.062964	0.445560	11.000000	0.027445	2.599930
10	2.941092	0.450490	10.000000	0.049776	2.606415
20	2.785403	0.412180	10.000000	0.099059	2.619388
50	2.534407	0.464770	9.920000	0.242069	2.658311
100	2.338935	0.484090	9.550000	0.454979	2.723178

l=2, cand=5000
1	2.670300	0.901430	19.000000	0.003800	6.486855
5	2.347600	0.891890	19.400000	0.019384	6.492043
10	2.251422	0.899660	18.799999	0.037532	6.498533
20	2.143988	0.890870	19.049999	0.075912	6.511498
50	2.004614	0.908010	18.340000	0.181620	6.550417
100	1.893120	0.940630	17.920000	0.351441	6.615294

l=2, cand=10000
1	2.208957	1.720790	30.000000	0.003000	12.973710
5	1.894476	1.723660	28.200001	0.014094	12.978885
10	1.841692	1.741300	29.100000	0.029074	12.985364
20	1.772440	1.761730	29.250000	0.058389	12.998340
50	1.678330	1.775590	28.660000	0.142601	13.037271
100	1.611976	1.823450	28.990000	0.287058	13.102160

l=2, cand=20000
1	1.808616	3.558360	48.000000	0.002400	25.947420
5	1.516587	3.563620	42.799999	0.010698	25.952618
10	1.482191	3.535100	44.400002	0.022190	25.959074
20	1.438802	3.569940	44.700001	0.044658	25.972073
50	1.396247	3.599590	43.759998	0.109133	26.010984
100	1.365060	3.658560	44.110001	0.219464	26.075850

l=2, cand=40000
1	1.395636	7.107709	67.000000	0.001675	51.894840
5	1.253905	7.032220	62.599998	0.007824	51.899952
10	1.235610	7.004610	63.799999	0.015946	51.906441
20	1.217334	6.887950	63.599998	0.031785	51.919437
50	1.196620	6.880960	62.700001	0.078279	51.958447
100	1.181541	6.969419	63.360001	0.158009	52.023258

l=2, cand=60000
1	1.141823	10.266139	86.000000	0.001433	77.842262
5	1.102322	10.219769	78.800003	0.006566	77.847298
10	1.095534	10.170840	79.699997	0.013281	77.853973
20	1.086149	10.225131	80.849998	0.026941	77.866798
50	1.077266	10.225620	80.339996	0.066895	77.905769
100	1.072456	10.247939	80.339996	0.133679	77.970695

l=4, cand=1000
1	4.422108	0.565720	5.000000	0.005000	1.297371
5	3.966433	0.534280	5.000000	0.024900	1.302559
10	3.770840	0.544600	4.900000	0.048563	1.309046
20	3.525002	0.550070	5.400000	0.105986	1.322021
50	3.138653	0.570960	4.640000	0.221163	1.360941
100	2.816164	0.571060	4.530000	0.412193	1.425811

l=4, cand=2000
1	3.826946	0.729020	8.000000	0.004000	2.594741
5	3.256755	0.734590	7.600000	0.018962	2.599930
10	3.102642	0.738480	7.400000	0.036834	2.606415
20	2.945321	0.731620	8.000000	0.079247	2.619388
50	2.668675	0.750540	7.560000	0.184480	2.658311
100	2.434752	0.790070	7.460000	0.355407	2.723178

l=4, cand=5000
1	2.816316	1.290190	22.000000	0.004400	6.486855
5	2.407805	1.298990	16.000000	0.015987	6.492043
10	2.318040	1.304790	15.400000	0.030745	6.498533
20	2.224235	1.297560	16.299999	0.064953	6.511498
50	2.092429	1.327920	14.860000	0.147158	6.550417
100	1.970919	1.371490	14.630000	0.286919	6.615294

l=4, cand=10000
1	2.315652	7.522000	35.000000	0.003500	12.973710
5	1.999857	2.142400	25.400000	0.012695	12.978885
10	1.933661	2.142430	24.600000	0.024578	12.985364
20	1.859364	2.152110	25.200001	0.050304	12.998340
50	1.770423	2.176290	24.000000	0.119415	13.037271
100	1.685886	2.186150	23.780001	0.235469	13.102160

l=4, cand=20000
1	1.831214	3.945720	44.000000	0.002200	25.947420
5	1.603833	3.983350	39.400002	0.009848	25.952618
10	1.561272	4.443060	38.200001	0.019091	25.959074
20	1.523006	3.926990	37.700001	0.037664	25.972073
50	1.474467	3.920270	37.020000	0.092324	26.010984
100	1.431970	3.892940	37.259998	0.185382	26.075850

l=4, cand=40000
1	1.436284	7.410140	66.000000	0.001650	51.894840
5	1.279691	7.294230	58.599998	0.007324	51.899952
10	1.270760	7.220140	58.599998	0.014647	51.906441
20	1.251053	7.266430	58.200001	0.029086	51.919437
50	1.232867	7.224270	57.459999	0.071737	51.958447
100	1.214647	7.229590	57.770000	0.144068	52.023258

l=4, cand=60000
1	1.236940	10.429929	81.000000	0.001350	77.842262
5	1.131906	10.461791	74.800003	0.006233	77.847298
10	1.122832	10.430840	77.500000	0.012915	77.853973
20	1.112866	10.465640	77.449997	0.025808	77.866798
50	1.099862	10.438900	77.779999	0.064764	77.905769
100	1.090520	10.424490	77.860001	0.129553	77.970695

l=6, cand=1000
1	4.641678	0.985550	6.000000	0.006000	1.297371
5	4.076950	0.974000	4.600000	0.022908	1.302559
10	3.907553	0.947600	5.000000	0.049554	1.309046
20	3.673622	0.951880	5.550000	0.108930	1.322021
50	3.265379	0.963830	4.560000	0.217350	1.360941
100	2.896322	1.000830	4.180000	0.380346	1.425811

l=6, cand=2000
1	3.633559	1.204750	11.000000	0.005500	2.594741
5	3.301176	1.203720	6.600000	0.016467	2.599930
10	3.206559	1.206640	7.500000	0.037332	2.606415
20	3.051604	1.219630	8.200000	0.081228	2.619388
50	2.783696	1.245660	7.200000	0.175695	2.658311
100	2.528487	1.256860	6.520000	0.310624	2.723178

l=6, cand=5000
1	2.861107	1.761930	18.000000	0.003600	6.486855
5	2.559479	1.783600	11.800000	0.011791	6.492043
10	2.488807	1.777870	14.100000	0.028149	6.498533
20	2.392765	1.768400	14.500000	0.057780	6.511498
50	2.223019	1.788840	13.280000	0.131511	6.550417
100	2.068860	1.812630	12.870000	0.252402	6.615294

l=6, cand=10000
1	2.214083	2.652670	29.000000	0.002900	12.973710
5	2.032194	2.650180	21.600000	0.010796	12.978885
10	1.984100	2.684980	23.200001	0.023179	12.985364
20	1.934443	2.651830	23.350000	0.046611	12.998340
50	1.843162	2.688060	21.959999	0.109265	13.037271
100	1.750093	2.694480	21.590000	0.213784	13.102160

l=6, cand=20000
1	1.727349	4.377130	40.000000	0.002000	25.947420
5	1.642162	4.312400	34.000000	0.008498	25.952618
10	1.605401	4.330280	34.900002	0.017442	25.959074
20	1.572551	4.319060	35.400002	0.035366	25.972073
50	1.532052	4.308870	34.759998	0.086688	26.010984
100	1.481942	4.310780	34.610001	0.172198	26.075850

l=6, cand=40000
1	1.411529	7.808000	58.000000	0.001450	51.894840
5	1.345970	7.638960	50.200001	0.006274	51.899952
10	1.329661	7.582830	51.200001	0.012797	51.906441
20	1.303486	7.588170	53.450001	0.026712	51.919437
50	1.274853	7.582800	54.320000	0.067817	51.958447
100	1.249727	7.561609	54.840000	0.136762	52.023258

l=6, cand=60000
1	1.175023	11.813271	82.000000	0.001367	77.842262
5	1.117134	11.497490	77.000000	0.006416	77.847298
10	1.115907	10.771570	76.199997	0.012698	77.853973
20	1.109477	10.816790	76.900002	0.025625	77.866798
50	1.103320	10.817500	76.779999	0.063931	77.905769
100	1.096481	10.811350	77.070000	0.128238	77.970695

