MH: M=4, m=2, l=8, b=0.90
Indexing Time: 0.271173 Seconds
Estimated Memory: 22.813686 MB
cand=5000
1	3.470391	0.909650	7.000000	0.001400	6.486855
5	2.976464	0.866110	6.400000	0.006395	6.492043
10	2.852327	0.863880	5.800000	0.011579	6.498533
20	2.703333	0.871770	5.900000	0.023511	6.511498
50	2.479844	0.877840	6.200000	0.061398	6.550417
100	2.280536	0.915150	6.370000	0.124926	6.615294

cand=10000
1	2.727650	1.687130	16.000000	0.001600	12.973710
5	2.276250	1.717370	13.400000	0.006697	12.978885
10	2.229535	1.705890	12.600000	0.012589	12.985364
20	2.158778	1.696550	12.500000	0.024953	12.998340
50	2.029715	1.742390	12.380000	0.061598	13.037271
100	1.909983	1.776170	12.540000	0.124171	13.102160

cand=20000
1	2.069096	3.491480	32.000000	0.001600	25.947420
5	1.751638	3.558390	24.600000	0.006149	25.952618
10	1.701003	3.557140	24.799999	0.012394	25.959074
20	1.671454	3.554800	25.049999	0.025026	25.972073
50	1.610660	3.594320	25.100000	0.062597	26.010984
100	1.552141	3.656580	25.299999	0.125877	26.075850

cand=30000
1	1.579176	5.502430	51.000000	0.001700	38.921131
5	1.440485	5.347370	39.799999	0.006632	38.926273
10	1.426782	5.469870	39.500000	0.013163	38.932812
20	1.406111	5.511209	38.650002	0.025750	38.945786
50	1.379829	5.508700	38.840000	0.064628	38.984634
100	1.348861	5.454630	39.119999	0.129971	39.049557

cand=40000
1	1.418051	7.245471	64.000000	0.001601	51.855213
5	1.296493	7.121100	52.599998	0.006581	51.860279
10	1.282810	7.096240	52.500000	0.013135	51.866737
20	1.262753	7.172020	52.799999	0.026412	51.879662
50	1.243346	7.181800	52.980000	0.066205	51.918407
100	1.226043	7.265481	52.669998	0.131468	51.982807

cand=50000
1	1.304630	8.942500	71.000000	0.001423	64.689529
5	1.192568	8.839070	64.400002	0.006459	64.694550
10	1.183661	8.674830	65.099998	0.013059	64.701065
20	1.168718	8.661070	65.900002	0.026433	64.713730
50	1.154840	8.712900	66.139999	0.066294	64.752274
100	1.141052	8.942221	66.000000	0.132159	64.816307

cand=60000
1	1.202164	10.585710	83.000000	0.001396	77.162933
5	1.106470	10.535300	79.000000	0.006645	77.167435
10	1.103743	10.593131	78.599998	0.013223	77.174042
20	1.093004	10.456290	78.699997	0.026473	77.185837
50	1.086506	10.478031	78.519997	0.066000	77.222298
100	1.079243	10.573150	78.430000	0.131741	77.282608

