NH_LCCS_Sampling: m=8, w=0.10, s=1
Indexing Time: 0.602474 Seconds
Estimated Memory: 9.744587 MB
cand=200
1	4.991641	0.027450	5.000000	0.014451	0.448890
5	4.507926	0.031080	5.200000	0.075145	0.448890
10	4.381846	0.033030	3.900000	0.112717	0.448890
20	4.198034	0.030870	3.200000	0.184971	0.448890
50	3.837744	0.038930	2.840000	0.410404	0.448890
100	3.521699	0.064900	2.550000	0.736994	0.448890

cand=500
1	3.977691	0.063540	6.000000	0.006865	1.133903
5	3.479100	0.095690	7.400000	0.042334	1.133903
10	3.389702	0.069450	6.300000	0.072082	1.133903
20	3.250823	0.098940	6.100000	0.139588	1.133903
50	3.019314	0.082250	5.260000	0.300915	1.133903
100	2.806524	0.125840	4.780000	0.546911	1.133903

cand=1000
1	3.078912	0.169000	15.000000	0.008818	2.206829
5	2.707912	0.164190	12.000000	0.035273	2.206829
10	2.630402	0.173920	10.700000	0.062904	2.206829
20	2.553577	0.175540	10.300000	0.121105	2.206829
50	2.431710	0.194000	9.560000	0.281011	2.206829
100	2.314582	0.225240	8.950000	0.526161	2.206829

cand=2000
1	2.441889	0.318910	26.000000	0.008070	4.180124
5	2.209436	0.257170	19.400000	0.030106	4.180124
10	2.177761	0.325700	17.299999	0.053693	4.180124
20	2.120362	0.308140	16.650000	0.103352	4.180124
50	2.035824	0.306450	15.240000	0.236499	4.180124
100	1.958814	0.341070	14.460000	0.448790	4.180124

cand=5000
1	1.751754	0.748950	38.000000	0.004993	9.872987
5	1.692061	0.740800	31.200001	0.020499	9.872987
10	1.671566	0.750180	29.799999	0.039159	9.872987
20	1.648767	0.752190	30.000000	0.078844	9.872987
50	1.602187	0.779950	28.860001	0.189619	9.872987
100	1.563557	0.798890	28.059999	0.368725	9.872987

cand=10000
1	1.359988	1.812180	57.000000	0.004153	17.805088
5	1.339106	1.832030	51.799999	0.018872	17.805088
10	1.353191	1.871550	49.099998	0.035777	17.805088
20	1.356336	1.868620	47.049999	0.068566	17.805088
50	1.344623	1.873180	45.680000	0.166424	17.805088
100	1.327478	1.927990	44.680000	0.325561	17.805088

cand=20000
1	1.223251	3.726350	66.000000	0.002804	30.538813
5	1.187943	3.691540	69.000000	0.014657	30.538813
10	1.193276	3.767660	66.500000	0.028251	30.538813
20	1.195732	3.735720	64.900002	0.055143	30.538813
50	1.189524	3.703390	63.680000	0.135265	30.538813
100	1.180028	3.743860	62.590000	0.265899	30.538813

cand=30000
1	1.122559	5.062390	74.000000	0.002376	40.406551
5	1.127841	5.027000	76.800003	0.012329	40.406551
10	1.126959	4.948180	76.500000	0.024563	40.406551
20	1.125398	4.972670	75.199997	0.048290	40.406551
50	1.122563	4.958890	73.980003	0.118767	40.406551
100	1.118823	4.953950	72.550003	0.232943	40.406551

cand=60000
1	1.014084	7.754230	93.000000	0.001929	62.555298
5	1.030266	7.741490	92.000000	0.009540	62.555298
10	1.035019	7.681340	91.199997	0.018914	62.555298
20	1.038772	7.661610	89.900002	0.037290	62.555298
50	1.040627	7.680970	89.739998	0.093058	62.555298
100	1.039315	7.657170	89.550003	0.185723	62.555298

