EH: m=2, l=8, b=0.90
Indexing Time: 4.390693 Seconds
Estimated Memory: 23.619259 MB
cand=5000
1	3.654996	1.107770	7.000000	0.001400	6.486855
5	3.029857	1.077470	7.200000	0.007194	6.492043
10	2.866920	1.056930	7.800000	0.015572	6.498533
20	2.690763	1.067370	7.550000	0.030086	6.511498
50	2.455310	1.084080	7.680000	0.076055	6.550417
100	2.249656	1.107880	8.040000	0.157678	6.615294

cand=10000
1	2.696762	1.893550	12.000000	0.001200	12.973710
5	2.243209	1.965010	14.800000	0.007397	12.978885
10	2.161736	1.935030	16.100000	0.016086	12.985364
20	2.076655	1.927420	16.000000	0.031939	12.998340
50	1.945623	1.971570	16.080000	0.080008	13.037271
100	1.836638	2.001720	16.020000	0.158630	13.102160

cand=20000
1	2.071900	3.782530	26.000000	0.001321	25.778576
5	1.701834	3.824210	30.200001	0.007601	25.783777
10	1.661373	3.844870	32.099998	0.016160	25.789923
20	1.617297	3.846060	31.549999	0.031761	25.802711
50	1.555761	3.781830	31.299999	0.078635	25.840483
100	1.498950	3.859120	30.990000	0.155351	25.903584

cand=30000
1	1.706906	5.506930	42.000000	0.001439	38.178574
5	1.434066	5.635170	45.799999	0.007768	38.183506
10	1.409360	5.551630	46.000000	0.015617	38.189819
20	1.388864	5.478640	46.299999	0.031471	38.201908
50	1.359802	5.472730	45.580002	0.077373	38.238785
100	1.328682	5.405450	45.369999	0.153854	38.299950

cand=40000
1	1.370740	7.050180	65.000000	0.001680	50.345627
5	1.259426	7.048630	58.799999	0.007569	50.350174
10	1.247571	6.987430	60.900002	0.015711	50.356396
20	1.242576	6.959191	59.349998	0.030684	50.368481
50	1.231755	7.063650	58.259998	0.075238	50.404617
100	1.216105	7.095160	58.130001	0.150022	50.464760

cand=50000
1	1.237698	8.590660	74.000000	0.001550	62.064640
5	1.162315	8.480030	68.199997	0.007128	62.068775
10	1.158098	8.527980	70.599998	0.014810	62.074795
20	1.157173	8.506700	69.750000	0.029304	62.085690
50	1.151088	8.447930	69.080002	0.072504	62.120010
100	1.140562	8.521670	69.519997	0.145869	62.176182

cand=60000
1	1.140481	9.824140	86.000000	0.001536	72.921989
5	1.089419	9.928410	79.000000	0.007063	72.925392
10	1.091545	9.982519	80.400002	0.014412	72.931824
20	1.092186	9.809731	79.949997	0.028666	72.941437
50	1.087318	9.749030	79.760002	0.071424	72.972771
100	1.080978	9.864150	80.139999	0.143542	73.023376

