MFH: m=8, b=0.90
Indexing Time: 1.662194 Seconds
Estimated Memory: 6.057602 MB
l=2, cand=200
1	3.316326	0.035910	22.000000	0.110000	0.259474
5	3.305806	0.035580	13.800000	0.338235	0.264664
10	3.387066	0.046920	11.500000	0.550239	0.271151
20	3.385108	0.039630	10.300000	0.940639	0.284124
50	3.261189	0.055490	8.480000	1.702811	0.323045
100	3.058874	0.067650	7.830000	2.618730	0.387913

l=2, cand=500
1	2.138312	0.059300	32.000000	0.064000	0.648685
5	2.347984	0.070530	24.000000	0.238095	0.653874
10	2.441523	0.068930	21.200001	0.416503	0.660362
20	2.507965	0.075060	18.049999	0.695568	0.673336
50	2.508818	0.089680	14.860000	1.353370	0.712257
100	2.435356	0.113480	13.280000	2.217028	0.777125

l=2, cand=1000
1	1.814542	0.144390	39.000000	0.039000	1.297371
5	1.894223	0.134500	33.400002	0.166335	1.302559
10	1.966169	0.128530	30.700001	0.304262	1.309046
20	2.010645	0.145970	27.750000	0.544652	1.322021
50	2.034033	0.147500	23.100000	1.101049	1.360941
100	2.011260	0.179900	20.330000	1.849863	1.425811

l=2, cand=2000
1	1.468050	0.262980	53.000000	0.026500	2.594741
5	1.552416	0.240730	48.799999	0.121756	2.599930
10	1.616108	0.272310	45.000000	0.223992	2.606415
20	1.650192	0.239430	41.099998	0.407132	2.619388
50	1.670294	0.291320	35.520000	0.866765	2.658311
100	1.672341	0.310110	31.440001	1.497856	2.723178

l=2, cand=5000
1	1.269050	0.643250	63.000000	0.012600	6.486855
5	1.296584	0.578220	64.800003	0.064748	6.492043
10	1.320957	0.596770	61.799999	0.123378	6.498533
20	1.332657	0.579340	59.099998	0.235505	6.511498
50	1.339295	0.590410	54.680000	0.541493	6.550417
100	1.342475	0.611770	50.599998	0.992351	6.615294

l=2, cand=10000
1	1.088728	1.192640	78.000000	0.007800	12.973710
5	1.141190	1.177270	79.199997	0.039584	12.978885
10	1.151640	1.171400	77.400002	0.077330	12.985364
20	1.160494	1.162100	76.099998	0.151911	12.998340
50	1.167843	1.185320	73.260002	0.364514	13.037271
100	1.169407	1.206170	70.019997	0.693336	13.102160

l=2, cand=20000
1	1.039167	2.862080	89.000000	0.004450	25.947420
5	1.048686	2.963550	91.199997	0.022795	25.952618
10	1.049226	2.958200	91.199997	0.045579	25.959074
20	1.053480	2.965540	90.250000	0.090164	25.972073
50	1.052211	3.021830	90.559998	0.225847	26.010984
100	1.051611	3.018930	89.529999	0.445445	26.075850

l=2, cand=30000
1	1.011213	4.517000	96.000000	0.003200	38.921131
5	1.015148	4.580180	97.000000	0.016165	38.926273
10	1.015470	4.603840	96.800003	0.032257	38.932812
20	1.016838	4.621280	96.650002	0.064393	38.945786
50	1.017614	4.672340	96.599998	0.160738	38.984634
100	1.016923	4.709290	96.430000	0.320376	39.049557

l=4, cand=200
1	3.384248	0.055950	17.000000	0.085000	0.259474
5	3.401374	0.057960	12.400000	0.303922	0.264664
10	3.475224	0.048180	10.700000	0.511962	0.271151
20	3.468915	0.053730	9.850000	0.899543	0.284124
50	3.316686	0.060140	8.520000	1.710843	0.323045
100	3.066917	0.073310	7.830000	2.618729	0.387913

l=4, cand=500
1	2.188447	0.098990	30.000000	0.060000	0.648685
5	2.381371	0.094660	21.200001	0.210317	0.653874
10	2.446504	0.094520	19.200001	0.377210	0.660362
20	2.481850	0.089420	17.299999	0.666667	0.673336
50	2.488881	0.102820	14.700000	1.338798	0.712257
100	2.423972	0.126770	12.980000	2.166945	0.777125

l=4, cand=1000
1	1.809165	0.163190	37.000000	0.037000	1.297371
5	1.902607	0.176550	33.799999	0.168327	1.302559
10	1.989275	0.170350	30.200001	0.299306	1.309046
20	2.039242	0.173390	26.950001	0.528950	1.322021
50	2.063326	0.200070	22.440001	1.069590	1.360941
100	2.038010	0.214890	19.379999	1.763421	1.425811

l=4, cand=2000
1	1.564593	0.286730	50.000000	0.025000	2.594741
5	1.589935	0.303530	47.599998	0.118762	2.599930
10	1.633777	0.299760	44.000000	0.219015	2.606415
20	1.647924	0.308830	40.750000	0.403665	2.619388
50	1.671320	0.293600	34.919998	0.852123	2.658311
100	1.674597	0.335040	31.129999	1.483087	2.723178

l=4, cand=5000
1	1.256862	0.685500	63.000000	0.012600	6.486855
5	1.286923	0.610760	64.800003	0.064748	6.492043
10	1.314710	0.629910	61.400002	0.122579	6.498533
20	1.332587	0.653460	58.250000	0.232118	6.511498
50	1.343664	0.642500	54.240002	0.537136	6.550417
100	1.346559	0.693280	50.310001	0.986664	6.615294

l=4, cand=10000
1	1.127453	1.283230	75.000000	0.007500	12.973710
5	1.155177	1.273390	77.400002	0.038685	12.978885
10	1.160292	1.248870	76.800003	0.076731	12.985364
20	1.165817	1.243730	75.349998	0.150414	12.998340
50	1.170316	1.271270	72.519997	0.360832	13.037271
100	1.170560	1.310000	69.650002	0.689672	13.102160

l=4, cand=20000
1	1.035015	3.035690	88.000000	0.004400	25.947420
5	1.049816	3.085480	91.400002	0.022845	25.952618
10	1.051199	3.076190	90.699997	0.045330	25.959074
20	1.054923	3.118350	90.349998	0.090264	25.972073
50	1.053929	3.151470	89.860001	0.224101	26.010984
100	1.052922	3.175860	89.029999	0.442957	26.075850

l=4, cand=30000
1	1.013847	4.780520	95.000000	0.003167	38.921131
5	1.017898	4.760400	96.199997	0.016031	38.926273
10	1.018025	4.809540	96.199997	0.032057	38.932812
20	1.019240	4.793490	96.349998	0.064193	38.945786
50	1.019134	4.825570	96.300003	0.160238	38.984634
100	1.018864	4.860680	95.940002	0.318748	39.049557

l=6, cand=200
1	3.381573	0.088270	18.000000	0.090000	0.259474
5	3.382720	0.085630	12.800000	0.313726	0.264664
10	3.451613	0.076180	10.600000	0.507177	0.271151
20	3.512292	0.091980	9.250000	0.844748	0.284124
50	3.380902	0.111020	7.860000	1.578313	0.323045
100	3.085488	0.083890	7.880000	2.635452	0.387913

l=6, cand=500
1	2.289376	0.134550	30.000000	0.060000	0.648685
5	2.421294	0.121990	21.400000	0.212302	0.653874
10	2.476988	0.125540	18.900000	0.371317	0.660362
20	2.527596	0.143250	17.250000	0.664740	0.673336
50	2.538196	0.147610	14.140000	1.287796	0.712257
100	2.457648	0.184950	12.490000	2.085142	0.777125

l=6, cand=1000
1	1.896283	0.278460	37.000000	0.037000	1.297371
5	2.029061	0.290330	28.000000	0.139442	1.302559
10	2.064246	0.256670	25.200001	0.249752	1.309046
20	2.079471	0.283800	22.549999	0.442591	1.322021
50	2.101643	0.310680	19.620001	0.935177	1.360941
100	2.076506	0.325010	17.610001	1.602366	1.425811

l=6, cand=2000
1	1.554578	0.389360	47.000000	0.023500	2.594741
5	1.593790	0.399940	44.400002	0.110778	2.599930
10	1.647730	0.359760	42.000000	0.209059	2.606415
20	1.676479	0.396280	37.700001	0.373452	2.619388
50	1.696074	0.424520	32.200001	0.785749	2.658311
100	1.697578	0.405680	29.070000	1.384945	2.723178

l=6, cand=5000
1	1.292276	0.809330	64.000000	0.012800	6.486855
5	1.291715	0.788720	62.599998	0.062550	6.492043
10	1.325840	0.776320	60.500000	0.120783	6.498533
20	1.347233	0.780830	56.900002	0.226738	6.511498
50	1.356420	0.793910	51.439999	0.509408	6.550417
100	1.361511	0.841350	47.930000	0.939988	6.615294

l=6, cand=10000
1	1.156569	1.470440	73.000000	0.007300	12.973710
5	1.165428	1.387860	76.599998	0.038285	12.978885
10	1.167903	1.390980	76.300003	0.076231	12.985364
20	1.171585	1.383950	74.900002	0.149516	12.998340
50	1.174422	1.391760	72.059998	0.358543	13.037271
100	1.175680	1.454100	68.949997	0.682741	13.102160

l=6, cand=20000
1	1.051459	3.250960	85.000000	0.004250	25.947393
5	1.063045	3.291310	89.199997	0.022298	25.950359
10	1.065047	3.307340	88.900002	0.044434	25.957247
20	1.066236	3.353240	88.150002	0.088072	25.970675
50	1.065092	3.357960	87.519997	0.218272	26.010323
100	1.065316	3.403090	86.220001	0.428985	26.075422

l=6, cand=30000
1	1.013412	4.967950	95.000000	0.003167	38.920414
5	1.019740	4.985890	96.000000	0.015998	38.925213
10	1.021207	4.984590	95.500000	0.031824	38.932137
20	1.023954	5.006810	95.000000	0.063295	38.944931
50	1.024439	5.086600	95.160004	0.158345	38.983845
100	1.024460	5.064730	94.550003	0.314137	39.048660

