MFH_Sampling: m=8, s=1, b=0.90
Indexing Time: 0.413981 Seconds
Estimated Memory: 6.057610 MB
l=2, cand=200
1	2.989381	0.020970	18.000000	0.090000	0.259474
5	3.224967	0.025450	14.200000	0.348039	0.264664
10	3.172909	0.026430	12.300000	0.588517	0.271151
20	3.287519	0.028670	10.350000	0.945205	0.284124
50	3.166163	0.034080	9.180000	1.843374	0.323045
100	2.993131	0.044970	8.600000	2.876255	0.387913

l=2, cand=500
1	2.385197	0.061970	25.000000	0.050000	0.648685
5	2.496290	0.056160	21.799999	0.216270	0.653874
10	2.609411	0.044260	18.299999	0.359529	0.660362
20	2.579383	0.074240	16.900000	0.651252	0.673336
50	2.644193	0.071180	14.100000	1.284153	0.712257
100	2.540926	0.092750	12.280000	2.050084	0.777125

l=2, cand=1000
1	2.066824	0.092680	30.000000	0.030000	1.297371
5	2.093646	0.119110	29.200001	0.145418	1.302559
10	2.159446	0.099340	24.700001	0.244797	1.309046
20	2.229191	0.108400	22.700001	0.445535	1.322021
50	2.206866	0.138000	19.379999	0.923737	1.360941
100	2.194982	0.152860	16.990000	1.545951	1.425811

l=2, cand=2000
1	1.608751	0.207820	50.000000	0.025000	2.594741
5	1.620146	0.227170	44.200001	0.110279	2.599930
10	1.651767	0.222940	40.099998	0.199602	2.606415
20	1.675182	0.197950	38.049999	0.376919	2.619388
50	1.699897	0.223750	33.560001	0.818936	2.658311
100	1.692218	0.261590	30.160000	1.436874	2.723178

l=2, cand=5000
1	1.246121	0.501450	66.000000	0.013200	6.486855
5	1.313429	0.498310	62.200001	0.062150	6.492043
10	1.322972	0.507980	61.400002	0.122579	6.498533
20	1.331250	0.503410	59.750000	0.238095	6.511498
50	1.333017	0.520910	56.139999	0.555952	6.550417
100	1.334108	0.546500	51.180000	1.003726	6.615294

l=2, cand=10000
1	1.075994	1.147700	82.000000	0.008200	12.973710
5	1.123731	1.158140	79.000000	0.039484	12.978885
10	1.145091	1.154730	77.300003	0.077231	12.985364
20	1.146819	1.156710	76.599998	0.152910	12.998340
50	1.152704	1.162980	74.300003	0.369689	13.037271
100	1.154807	1.190740	71.230003	0.705317	13.102160

l=2, cand=20000
1	1.028128	2.912340	89.000000	0.004450	25.947420
5	1.033654	2.964510	93.000000	0.023245	25.952618
10	1.041384	2.944230	91.800003	0.045879	25.959074
20	1.044591	2.953690	91.349998	0.091263	25.972073
50	1.049387	2.982620	90.300003	0.225198	26.010984
100	1.048149	3.039120	89.279999	0.444201	26.075850

l=2, cand=30000
1	1.011527	4.521630	96.000000	0.003200	38.921131
5	1.018759	4.460360	96.400002	0.016065	38.926273
10	1.016567	4.458690	96.800003	0.032257	38.932812
20	1.014951	4.455710	96.800003	0.064493	38.945786
50	1.017727	4.475660	96.480003	0.160538	38.984634
100	1.017555	4.527340	96.070000	0.319180	39.049557

l=4, cand=200
1	3.329693	0.034260	18.000000	0.090000	0.259474
5	3.143446	0.036640	13.800000	0.338235	0.264664
10	3.208998	0.040110	12.000000	0.574163	0.271151
20	3.278067	0.045600	10.650000	0.972602	0.284124
50	3.182264	0.050150	9.020000	1.811245	0.323045
100	2.966491	0.053710	8.700000	2.909699	0.387913

l=4, cand=500
1	2.303603	0.089390	27.000000	0.054000	0.648685
5	2.508582	0.058620	22.400000	0.222222	0.653874
10	2.588079	0.073450	18.299999	0.359529	0.660362
20	2.732717	0.074860	16.200001	0.624277	0.673336
50	2.657080	0.086240	13.560000	1.234973	0.712257
100	2.674590	0.095020	11.340000	1.893156	0.777125

l=4, cand=1000
1	2.097273	0.135950	32.000000	0.032000	1.297371
5	2.148063	0.114140	27.400000	0.136454	1.302559
10	2.242424	0.106300	23.400000	0.231913	1.309046
20	2.245220	0.139030	21.350000	0.419038	1.322021
50	2.245959	0.147570	18.799999	0.896092	1.360941
100	2.213733	0.163080	16.190001	1.473157	1.425811

l=4, cand=2000
1	1.605124	0.216800	44.000000	0.022000	2.594741
5	1.689956	0.247750	41.200001	0.102794	2.599930
10	1.684716	0.225410	38.799999	0.193131	2.606415
20	1.704209	0.217010	36.500000	0.361565	2.619388
50	1.726196	0.257130	32.240002	0.786725	2.658311
100	1.711495	0.240470	29.170000	1.389709	2.723178

l=4, cand=5000
1	1.265914	0.560790	66.000000	0.013200	6.486855
5	1.286060	0.530300	65.400002	0.065348	6.492043
10	1.324491	0.527960	60.799999	0.121382	6.498533
20	1.313837	0.532100	59.500000	0.237099	6.511498
50	1.346655	0.573180	54.580002	0.540503	6.550417
100	1.339045	0.573990	51.029999	1.000784	6.615294

l=4, cand=10000
1	1.095699	1.225120	78.000000	0.007800	12.973710
5	1.140709	1.206650	77.599998	0.038784	12.978885
10	1.142576	1.198760	77.599998	0.077530	12.985364
20	1.143647	1.208770	76.650002	0.153009	12.998340
50	1.153845	1.215550	73.620003	0.366305	13.037271
100	1.152398	1.262890	71.470001	0.707694	13.102160

l=4, cand=20000
1	1.027319	2.998690	90.000000	0.004500	25.947420
5	1.040877	3.056450	91.400002	0.022845	25.952618
10	1.047071	3.050510	91.199997	0.045579	25.959074
20	1.048125	3.148950	91.050003	0.090964	25.972073
50	1.045070	3.140050	90.980003	0.226894	26.010984
100	1.048509	3.199610	89.190002	0.443753	26.075850

l=4, cand=30000
1	1.006504	4.672640	97.000000	0.003233	38.921131
5	1.012628	4.644180	97.400002	0.016231	38.926273
10	1.018195	4.537540	96.400002	0.032124	38.932812
20	1.018871	4.557930	96.250000	0.064126	38.945786
50	1.018196	4.578200	96.320000	0.160272	38.984634
100	1.018962	4.629930	95.650002	0.317785	39.049557

l=6, cand=200
1	3.343716	0.056710	19.000000	0.095000	0.259474
5	3.242549	0.050220	13.800000	0.338235	0.264664
10	3.225289	0.057810	13.100000	0.626794	0.271151
20	3.407654	0.050150	10.450000	0.954338	0.284124
50	3.170851	0.052940	8.840000	1.775100	0.323045
100	2.940236	0.072070	8.720000	2.916389	0.387913

l=6, cand=500
1	2.420051	0.072090	24.000000	0.048000	0.648685
5	2.525307	0.076180	20.400000	0.202381	0.653874
10	2.558528	0.080970	17.200001	0.337918	0.660362
20	2.620041	0.078440	16.750000	0.645472	0.673336
50	2.551845	0.092080	14.080000	1.282331	0.712257
100	2.598991	0.116850	12.000000	2.003339	0.777125

l=6, cand=1000
1	2.025824	0.132110	35.000000	0.035000	1.297371
5	2.188395	0.142500	24.200001	0.120518	1.302559
10	2.203972	0.140510	23.600000	0.233895	1.309046
20	2.257872	0.151430	22.049999	0.432777	1.322021
50	2.228411	0.171650	18.400000	0.877026	1.360941
100	2.190622	0.206370	16.980000	1.545041	1.425811

l=6, cand=2000
1	1.626092	0.239440	43.000000	0.021500	2.594741
5	1.703298	0.218640	40.799999	0.101796	2.599930
10	1.728928	0.258530	37.900002	0.188651	2.606415
20	1.720737	0.237730	35.200001	0.348687	2.619388
50	1.737656	0.201800	31.160000	0.760371	2.658311
100	1.738808	0.290900	28.250000	1.345879	2.723178

l=6, cand=5000
1	1.275517	0.632200	65.000000	0.013000	6.486855
5	1.314684	0.605000	62.200001	0.062150	6.492043
10	1.317981	0.608160	60.099998	0.119984	6.498533
20	1.350347	0.611880	57.450001	0.228930	6.511498
50	1.353254	0.645400	52.820000	0.523074	6.550417
100	1.351345	0.662700	49.930000	0.979211	6.615294

l=6, cand=10000
1	1.088570	1.369200	79.000000	0.007900	12.973710
5	1.123038	1.355200	78.599998	0.039284	12.978885
10	1.143312	1.314570	77.099998	0.077031	12.985364
20	1.152063	1.318890	75.699997	0.151113	12.998340
50	1.160803	1.328580	73.180000	0.364116	13.037271
100	1.167049	1.341470	69.470001	0.687890	13.102160

l=6, cand=20000
1	1.029454	3.131080	89.000000	0.004450	25.947420
5	1.052136	3.169720	89.800003	0.022446	25.952618
10	1.046473	3.145540	90.900002	0.045430	25.959074
20	1.048680	3.182110	90.050003	0.089964	25.972073
50	1.048964	3.187290	89.639999	0.223552	26.010984
100	1.057091	3.245820	87.010002	0.432907	26.075850

l=6, cand=30000
1	1.011847	4.712070	95.000000	0.003167	38.921131
5	1.015577	4.658640	96.599998	0.016098	38.926273
10	1.020990	4.655800	96.000000	0.031990	38.932812
20	1.024920	4.632280	95.599998	0.063693	38.945786
50	1.019545	4.592610	96.000000	0.159739	38.984634
100	1.019946	4.668520	94.900002	0.315293	39.049557

