NH_LCCS: m=8, w=1.00
Indexing Time: 1.439558 Seconds
Estimated Memory: 7.686317 MB
cand=200
1	5.660871	0.073640	6.000000	0.031392	0.249004
5	5.189966	0.071700	2.400000	0.062887	0.249004
10	5.053726	0.078030	2.500000	0.130240	0.249004
20	4.828879	0.068360	2.550000	0.265041	0.249004
50	4.355035	0.091490	2.160000	0.562163	0.249004
100	3.968764	0.078210	2.000000	1.041067	0.249004

cand=500
1	4.522958	0.119720	10.000000	0.021575	0.606092
5	3.991791	0.105590	4.400000	0.047755	0.606092
10	3.916428	0.096130	4.200000	0.090209	0.606092
20	3.798392	0.118370	4.050000	0.173315	0.606092
50	3.509316	0.118860	3.840000	0.409926	0.606092
100	3.230541	0.121810	3.690000	0.789492	0.606092

cand=1000
1	3.490798	0.152930	13.000000	0.014377	1.173523
5	3.112600	0.159880	8.200000	0.045618	1.173523
10	3.064571	0.158880	7.700000	0.085309	1.173523
20	3.010161	0.163300	7.800000	0.172461	1.173523
50	2.875449	0.171460	6.880000	0.379760	1.173523
100	2.701433	0.190390	6.390000	0.706708	1.173523

cand=2000
1	2.983727	0.251340	20.000000	0.012044	2.171746
5	2.632854	0.197300	11.400000	0.034089	2.171746
10	2.582073	0.244910	10.900000	0.065488	2.171746
20	2.536784	0.246180	11.100000	0.132926	2.171746
50	2.450040	0.219020	10.220000	0.305772	2.171746
100	2.339152	0.285860	9.730000	0.582853	2.171746

cand=5000
1	2.167016	0.446220	27.000000	0.006708	5.169607
5	2.055457	0.452090	20.000000	0.024574	5.169607
10	2.043375	0.452600	19.100000	0.047606	5.169607
20	2.014112	0.449370	18.450001	0.091953	5.169607
50	1.954915	0.457480	18.120001	0.227161	5.169607
100	1.895457	0.483300	17.320000	0.434708	5.169607

cand=10000
1	1.692427	0.882940	38.000000	0.005121	9.593093
5	1.686695	0.872420	31.200001	0.021102	9.593093
10	1.683757	0.862070	30.000000	0.040775	9.593093
20	1.671018	0.882810	29.000000	0.078449	9.593093
50	1.634522	0.911630	28.680000	0.194418	9.593093
100	1.598534	0.914420	27.700001	0.376050	9.593093

cand=20000
1	1.417144	1.842960	48.000000	0.003586	17.411562
5	1.455699	1.863560	43.400002	0.016184	17.411562
10	1.453646	1.889250	41.799999	0.031264	17.411562
20	1.436744	1.920650	42.799999	0.063877	17.411562
50	1.412053	1.891280	42.220001	0.157854	17.411562
100	1.390983	1.957160	41.040001	0.307241	17.411562

cand=30000
1	1.261370	2.877410	61.000000	0.003210	24.763992
5	1.299128	2.916330	54.400002	0.014311	24.763992
10	1.311630	2.923140	52.000000	0.027371	24.763992
20	1.308312	2.932450	52.900002	0.055586	24.763992
50	1.294891	2.981860	52.480000	0.137960	24.763992
100	1.280369	3.006070	51.400002	0.270458	24.763992

cand=60000
1	1.158755	4.655750	71.000000	0.002402	38.490829
5	1.171363	4.631990	67.800003	0.011432	38.490829
10	1.188501	4.538990	65.699997	0.022218	38.490829
20	1.193443	4.503860	65.900002	0.044542	38.490829
50	1.188638	4.499260	65.739998	0.111045	38.490829
100	1.179014	4.495480	64.699997	0.218696	38.490829

