NH_Sampling: m=8, s=1
Indexing Time: 0.375245 Seconds
Estimated Memory: 4.745094 MB
l=2, cand=1000
1	4.569732	0.219090	3.000000	0.003000	1.297371
5	3.922505	0.246020	4.800000	0.023904	1.302559
10	3.981296	0.234080	4.400000	0.043608	1.309046
20	3.949393	0.234260	3.650000	0.071639	1.322021
50	3.273163	0.253150	5.280000	0.251668	1.360941
100	2.909126	0.277580	4.180000	0.380346	1.425811

l=2, cand=2000
1	3.811875	0.401240	8.000000	0.004000	2.594741
5	3.112138	0.409730	9.200000	0.022954	2.599930
10	3.336139	0.404670	6.600000	0.032852	2.606415
20	3.097247	0.405710	7.600000	0.075285	2.619388
50	2.811179	0.415830	6.740000	0.164470	2.658311
100	2.500719	0.441280	7.250000	0.345403	2.723178

l=2, cand=5000
1	2.718954	0.893970	18.000000	0.003600	6.486855
5	2.610113	0.894970	15.600000	0.015588	6.492043
10	2.416363	0.893690	15.000000	0.029946	6.498533
20	2.355670	0.905020	15.500000	0.061765	6.511498
50	2.182407	0.912960	14.760000	0.146168	6.550417
100	2.070209	0.927020	14.040000	0.275348	6.615294

l=2, cand=10000
1	2.186082	1.714700	19.000000	0.001900	12.973710
5	2.034872	1.746890	25.799999	0.012895	12.978885
10	1.955231	1.754010	25.299999	0.025277	12.985364
20	1.928211	1.755790	23.299999	0.046512	12.998340
50	1.923329	1.783910	22.740000	0.113146	13.037271
100	1.694950	1.813620	24.080000	0.238440	13.102160

l=2, cand=20000
1	1.772283	3.528180	37.000000	0.001850	25.947420
5	1.610268	3.503000	36.200001	0.009048	25.952618
10	1.578849	3.462170	38.200001	0.019091	25.959074
20	1.478142	3.520450	38.900002	0.038863	25.972073
50	1.535872	3.509110	34.599998	0.086289	26.010984
100	1.503716	3.487330	33.500000	0.166675	26.075850

l=2, cand=40000
1	1.377633	6.861060	54.000000	0.001350	51.894840
5	1.294316	6.784479	58.200001	0.007274	51.899952
10	1.319064	6.728130	55.799999	0.013947	51.906441
20	1.229440	6.753650	58.750000	0.029361	51.919437
50	1.225335	6.666450	57.660000	0.071987	51.958447
100	1.221611	6.707940	58.700001	0.146388	52.023258

l=2, cand=60000
1	1.170496	9.871631	79.000000	0.001317	77.842262
5	1.111813	9.796460	79.599998	0.006633	77.847298
10	1.101144	9.789320	79.800003	0.013298	77.853973
20	1.105072	9.873441	78.099998	0.026025	77.866798
50	1.126478	9.858809	74.300003	0.061866	77.905769
100	1.092659	9.860950	78.430000	0.130501	77.970695

l=4, cand=1000
1	5.242242	0.558750	6.000000	0.006000	1.297371
5	4.716430	0.545580	4.600000	0.022908	1.302559
10	4.196038	0.637980	4.800000	0.047572	1.309046
20	3.828924	0.564330	4.450000	0.087341	1.322021
50	3.349147	0.568050	4.780000	0.227836	1.360941
100	3.001698	0.586980	4.340000	0.394905	1.425811

l=4, cand=2000
1	4.368453	0.769980	8.000000	0.004000	2.594741
5	3.773673	0.745650	6.800000	0.016966	2.599930
10	3.384918	0.727250	8.100000	0.040319	2.606415
20	3.259730	0.755630	7.150000	0.070827	2.619388
50	3.008880	0.764080	7.040000	0.171791	2.658311
100	2.654153	0.784190	7.810000	0.372082	2.723178

l=4, cand=5000
1	3.008175	1.288730	18.000000	0.003600	6.486855
5	2.678827	1.287320	15.400000	0.015388	6.492043
10	2.757781	1.293930	17.799999	0.035536	6.498533
20	2.594547	1.291580	14.850000	0.059175	6.511498
50	2.332177	1.308150	14.900000	0.147554	6.550417
100	2.205162	1.344620	12.390000	0.242989	6.615294

l=4, cand=10000
1	2.191151	2.108060	26.000000	0.002600	12.973710
5	2.087060	2.116390	25.400000	0.012695	12.978885
10	2.016500	2.114750	22.799999	0.022780	12.985364
20	2.079207	2.126400	22.350000	0.044615	12.998340
50	1.897514	2.123770	23.980000	0.119315	13.037271
100	1.891761	2.175550	20.299999	0.201010	13.102160

l=4, cand=20000
1	1.684576	3.910920	44.000000	0.002200	25.947420
5	1.591337	3.964700	39.400002	0.009848	25.952618
10	1.665497	3.878410	34.099998	0.017042	25.959074
20	1.633656	3.927840	34.650002	0.034617	25.972073
50	1.596075	3.908760	36.820000	0.091825	26.010984
100	1.530037	3.891660	36.740002	0.182795	26.075850

l=4, cand=40000
1	1.220888	7.117760	70.000000	0.001750	51.894840
5	1.301454	7.143860	56.400002	0.007049	51.899952
10	1.265481	7.084030	60.799999	0.015197	51.906441
20	1.300870	7.059350	54.549999	0.027262	51.919437
50	1.328075	7.110930	52.480000	0.065520	51.958447
100	1.269715	7.103090	54.520000	0.135963	52.023258

l=4, cand=60000
1	1.164343	10.160410	75.000000	0.001250	77.842262
5	1.112006	10.239201	77.000000	0.006416	77.847298
10	1.129298	10.277210	79.000000	0.013165	77.853973
20	1.132885	10.166461	73.849998	0.024609	77.866798
50	1.108572	10.182320	77.860001	0.064830	77.905769
100	1.112116	10.327459	75.730003	0.126009	77.970695

l=6, cand=1000
1	5.889962	0.990350	5.000000	0.005000	1.297371
5	4.672318	0.966630	5.800000	0.028884	1.302559
10	4.426157	0.949350	3.500000	0.034688	1.309046
20	4.178063	0.965650	6.000000	0.117762	1.322021
50	3.622218	0.977860	4.420000	0.210677	1.360941
100	2.995049	0.994950	5.150000	0.468608	1.425811

l=6, cand=2000
1	3.967197	1.185710	9.000000	0.004500	2.594741
5	3.736297	1.171300	8.000000	0.019960	2.599930
10	3.817228	1.171370	6.800000	0.033848	2.606415
20	3.279057	1.189530	8.700000	0.086181	2.619388
50	3.200393	1.206300	7.520000	0.183504	2.658311
100	2.768842	1.222500	7.400000	0.352549	2.723178

l=6, cand=5000
1	3.609414	1.695940	16.000000	0.003200	6.486855
5	2.698019	1.732320	18.400000	0.018385	6.492043
10	2.852199	1.728080	15.800000	0.031543	6.498533
20	2.665758	1.719960	14.600000	0.058179	6.511498
50	2.402978	1.730520	13.180000	0.130521	6.550417
100	2.200860	1.775640	13.380000	0.262404	6.615294

l=6, cand=10000
1	2.412672	2.571430	22.000000	0.002200	12.973710
5	2.361223	2.543540	24.799999	0.012395	12.978885
10	2.162902	2.545450	25.600000	0.025577	12.985364
20	2.091710	2.536260	24.100000	0.048109	12.998340
50	2.024590	2.561510	21.620001	0.107573	13.037271
100	1.910021	2.590730	20.450001	0.202495	13.102160

l=6, cand=20000
1	1.818884	4.238740	35.000000	0.001750	25.947420
5	1.716273	4.247910	37.799999	0.009448	25.952618
10	1.665043	4.192030	37.599998	0.018792	25.959074
20	1.704393	4.147920	33.599998	0.033568	25.972073
50	1.653369	4.139490	33.700001	0.084044	26.010984
100	1.543123	4.188900	38.549999	0.191801	26.075850

l=6, cand=40000
1	1.314013	7.444010	63.000000	0.001575	51.894840
5	1.272251	7.406570	58.400002	0.007299	51.899952
10	1.328944	7.378120	56.400002	0.014097	51.906441
20	1.305529	7.323709	55.950001	0.027962	51.919437
50	1.304543	7.360480	55.759998	0.069615	51.958447
100	1.281792	7.398719	55.790001	0.139131	52.023258

l=6, cand=60000
1	1.171975	10.486760	78.000000	0.001300	77.842262
5	1.124287	10.526180	76.599998	0.006383	77.847298
10	1.122854	10.565721	76.199997	0.012698	77.853973
20	1.102790	10.399310	77.849998	0.025942	77.866798
50	1.123371	10.486860	76.860001	0.063998	77.905769
100	1.125368	10.517620	74.680000	0.124262	77.970695

