Sorted_Scan: 
Indexing Time: 0.016809 Seconds
Estimated Memory: 0.294056 MB
cand=50000
1	5.644750	7.018690	7.000000	0.000140	64.868538
5	3.726140	7.115660	5.200000	0.000520	64.873665
10	3.222668	7.103710	5.000000	0.001000	64.880226
20	2.795697	7.208500	5.250000	0.002099	64.893105
50	2.334569	7.181589	5.060000	0.005055	64.932121
100	2.036364	7.124130	5.450000	0.010878	64.997032

cand=55000
1	4.798935	7.884540	10.000000	0.000182	71.355438
5	3.178453	7.809030	7.400000	0.000673	71.360481
10	2.764393	7.764660	7.800000	0.001418	71.367081
20	2.430210	7.827180	8.400000	0.003053	71.379990
50	2.070297	7.820010	8.260000	0.007502	71.418938
100	1.839650	7.923000	9.330000	0.016933	71.483856

cand=60000
1	3.915193	8.518970	14.000000	0.000233	77.842262
5	2.637993	8.651690	12.000000	0.001000	77.847298
10	2.348746	8.536361	12.700000	0.002116	77.853973
20	2.096487	8.536469	13.200000	0.004399	77.866798
50	1.823704	8.451090	13.500000	0.011241	77.905769
100	1.653346	8.399230	15.400000	0.025624	77.970695

cand=65000
1	3.237583	9.146140	20.000000	0.000308	84.329094
5	2.209753	9.164920	18.400000	0.001415	84.334343
10	1.980207	9.146270	19.200001	0.002953	84.340790
20	1.786951	9.171030	20.950001	0.006444	84.353630
50	1.595835	9.233640	22.719999	0.017464	84.392586
100	1.473869	9.288680	25.370001	0.038971	84.457497

cand=70000
1	2.292061	9.729520	31.000000	0.000443	90.815956
5	1.759977	9.815189	26.600000	0.001900	90.821182
10	1.620317	9.876140	30.200001	0.004314	90.827576
20	1.510658	9.769071	31.600000	0.009026	90.840485
50	1.393993	9.880891	35.720001	0.025496	90.879463
100	1.313358	9.788839	40.049999	0.057133	90.944344

cand=75000
1	1.715590	10.447810	48.000000	0.000640	97.302742
5	1.319110	10.539270	52.799999	0.003520	97.307953
10	1.258952	10.604351	56.799999	0.007572	97.314445
20	1.203933	10.654510	60.200001	0.016049	97.327461
50	1.153085	10.641560	66.339996	0.044198	97.366287
100	1.119907	10.682991	70.849998	0.094342	97.431244

cand=78000
1	1.000000	11.074170	100.000000	0.001297	100.000000
5	1.000000	10.922290	100.000000	0.006487	100.000000
10	1.000000	10.920361	100.000000	0.012974	100.000000
20	1.000000	10.925770	100.000000	0.025947	100.000000
50	1.000000	10.958240	100.000000	0.064868	100.000000
100	1.000000	10.786030	100.000000	0.129737	100.000000

